# JRE version: OpenJDK Runtime Environment (22.0.2+9) (build 22.0.2+9-70)
# Java VM: OpenJDK 64-Bit Server VM (22.0.2+9-70, mixed mode, sharing, tiered, compressed oops, compressed class ptrs, g1 gc, windows-amd64)
GC Precious Log:
 CardTable entry size: 512
 Card Set container configuration: InlinePtr #cards 4 size 8 Array Of Cards #cards 16 size 48 Howl #buckets 8 coarsen threshold 3686 Howl Bitmap #cards 512 size 80 coarsen threshold 460 Card regions per heap region 1 cards per card region 4096
 CPUs: 8 total, 8 available
 Memory: 16194M
 Large Page Support: Disabled
 NUMA Support: Disabled
 Compressed Oops: Enabled (Zero based)
 Heap Region Size: 2M
 Heap Min Capacity: 8M
 Heap Initial Capacity: 254M
 Heap Max Capacity: 4050M
 Pre-touch: Disabled
 Parallel Workers: 8
 Concurrent Workers: 2
 Concurrent Refinement Workers: 8
 Periodic GC: Disabled
Heap:
 garbage-first heap   total reserved 4147200K, committed 260096K, used 112996K [0x0000000702e00000, 0x0000000800000000)
  region size 2048K, 53 young (108544K), 2 survivors (4096K)
 Metaspace       used 9483K, committed 9664K, reserved 1114112K
  class space    used 978K, committed 1024K, reserved 1048576K
GC Heap History (20 events):
Event: 1078.989 GC heap before
{Heap before GC invocations=1 (full 0):
 garbage-first heap   total reserved 4147200K, committed 260096K, used 60014K [0x0000000702e00000, 0x0000000800000000)
  region size 2048K, 22 young (45056K), 2 survivors (4096K)
 Metaspace       used 9419K, committed 9600K, reserved 1114112K
  class space    used 970K, committed 1024K, reserved 1048576K
}
Event: 1079.004 GC heap after
{Heap after GC invocations=2 (full 0):
 garbage-first heap   total reserved 4147200K, committed 260096K, used 10873K [0x0000000702e00000, 0x0000000800000000)
  region size 2048K, 2 young (4096K), 2 survivors (4096K)
 Metaspace       used 9419K, committed 9600K, reserved 1114112K
  class space    used 970K, committed 1024K, reserved 1048576K
}
Event: 1238.138 GC heap before
{Heap before GC invocations=2 (full 0):
 garbage-first heap   total reserved 4147200K, committed 260096K, used 162425K [0x0000000702e00000, 0x0000000800000000)
  region size 2048K, 76 young (155648K), 2 survivors (4096K)
 Metaspace       used 9423K, committed 9600K, reserved 1114112K
  class space    used 970K, committed 1024K, reserved 1048576K
}
Event: 1238.153 GC heap after
{Heap after GC invocations=3 (full 0):
 garbage-first heap   total reserved 4147200K, committed 260096K, used 10996K [0x0000000702e00000, 0x0000000800000000)
  region size 2048K, 2 young (4096K), 2 survivors (4096K)
 Metaspace       used 9423K, committed 9600K, reserved 1114112K
  class space    used 970K, committed 1024K, reserved 1048576K
}
Event: 1302.933 GC heap before
{Heap before GC invocations=3 (full 0):
 garbage-first heap   total reserved 4147200K, committed 260096K, used 162548K [0x0000000702e00000, 0x0000000800000000)
  region size 2048K, 76 young (155648K), 2 survivors (4096K)
 Metaspace       used 9423K, committed 9600K, reserved 1114112K
  class space    used 970K, committed 1024K, reserved 1048576K
}
Event: 1302.948 GC heap after
{Heap after GC invocations=4 (full 0):
 garbage-first heap   total reserved 4147200K, committed 260096K, used 11062K [0x0000000702e00000, 0x0000000800000000)
  region size 2048K, 2 young (4096K), 2 survivors (4096K)
 Metaspace       used 9423K, committed 9600K, reserved 1114112K
  class space    used 970K, committed 1024K, reserved 1048576K
}
Event: 1368.113 GC heap before
{Heap before GC invocations=4 (full 0):
 garbage-first heap   total reserved 4147200K, committed 260096K, used 162614K [0x0000000702e00000, 0x0000000800000000)
  region size 2048K, 76 young (155648K), 2 survivors (4096K)
 Metaspace       used 9423K, committed 9600K, reserved 1114112K
  class space    used 970K, committed 1024K, reserved 1048576K
}
Event: 1368.129 GC heap after
{Heap after GC invocations=5 (full 0):
 garbage-first heap   total reserved 4147200K, committed 260096K, used 11004K [0x0000000702e00000, 0x0000000800000000)
  region size 2048K, 2 young (4096K), 2 survivors (4096K)
 Metaspace       used 9423K, committed 9600K, reserved 1114112K
  class space    used 970K, committed 1024K, reserved 1048576K
}
Event: 1433.452 GC heap before
{Heap before GC invocations=5 (full 0):
 garbage-first heap   total reserved 4147200K, committed 260096K, used 162556K [0x0000000702e00000, 0x0000000800000000)
  region size 2048K, 76 young (155648K), 2 survivors (4096K)
 Metaspace       used 9424K, committed 9600K, reserved 1114112K
  class space    used 970K, committed 1024K, reserved 1048576K
}
Event: 1433.464 GC heap after
{Heap after GC invocations=6 (full 0):
 garbage-first heap   total reserved 4147200K, committed 260096K, used 11030K [0x0000000702e00000, 0x0000000800000000)
  region size 2048K, 2 young (4096K), 2 survivors (4096K)
 Metaspace       used 9424K, committed 9600K, reserved 1114112K
  class space    used 970K, committed 1024K, reserved 1048576K
}
Event: 1498.842 GC heap before
{Heap before GC invocations=6 (full 0):
 garbage-first heap   total reserved 4147200K, committed 260096K, used 162582K [0x0000000702e00000, 0x0000000800000000)
  region size 2048K, 76 young (155648K), 2 survivors (4096K)
 Metaspace       used 9424K, committed 9600K, reserved 1114112K
  class space    used 970K, committed 1024K, reserved 1048576K
}
Event: 1498.855 GC heap after
{Heap after GC invocations=7 (full 0):
 garbage-first heap   total reserved 4147200K, committed 260096K, used 10942K [0x0000000702e00000, 0x0000000800000000)
  region size 2048K, 2 young (4096K), 2 survivors (4096K)
 Metaspace       used 9424K, committed 9600K, reserved 1114112K
  class space    used 970K, committed 1024K, reserved 1048576K
}
Event: 9869.064 GC heap before
{Heap before GC invocations=7 (full 0):
 garbage-first heap   total reserved 4147200K, committed 260096K, used 162494K [0x0000000702e00000, 0x0000000800000000)
  region size 2048K, 76 young (155648K), 2 survivors (4096K)
 Metaspace       used 9426K, committed 9600K, reserved 1114112K
  class space    used 972K, committed 1024K, reserved 1048576K
}
Event: 9869.070 GC heap after
{Heap after GC invocations=8 (full 0):
 garbage-first heap   total reserved 4147200K, committed 260096K, used 10997K [0x0000000702e00000, 0x0000000800000000)
  region size 2048K, 2 young (4096K), 2 survivors (4096K)
 Metaspace       used 9426K, committed 9600K, reserved 1114112K
  class space    used 972K, committed 1024K, reserved 1048576K
}
Event: 21120.298 GC heap before
{Heap before GC invocations=8 (full 0):
 garbage-first heap   total reserved 4147200K, committed 260096K, used 162549K [0x0000000702e00000, 0x0000000800000000)
  region size 2048K, 76 young (155648K), 2 survivors (4096K)
 Metaspace       used 9434K, committed 9600K, reserved 1114112K
  class space    used 972K, committed 1024K, reserved 1048576K
}
Event: 21120.304 GC heap after
{Heap after GC invocations=9 (full 0):
 garbage-first heap   total reserved 4147200K, committed 260096K, used 10714K [0x0000000702e00000, 0x0000000800000000)
  region size 2048K, 2 young (4096K), 2 survivors (4096K)
 Metaspace       used 9434K, committed 9600K, reserved 1114112K
  class space    used 972K, committed 1024K, reserved 1048576K
}
Event: 21186.219 GC heap before
{Heap before GC invocations=9 (full 0):
 garbage-first heap   total reserved 4147200K, committed 260096K, used 162266K [0x0000000702e00000, 0x0000000800000000)
  region size 2048K, 76 young (155648K), 2 survivors (4096K)
 Metaspace       used 9434K, committed 9600K, reserved 1114112K
  class space    used 972K, committed 1024K, reserved 1048576K
}
Event: 21186.230 GC heap after
{Heap after GC invocations=10 (full 0):
 garbage-first heap   total reserved 4147200K, committed 260096K, used 10678K [0x0000000702e00000, 0x0000000800000000)
  region size 2048K, 2 young (4096K), 2 survivors (4096K)
 Metaspace       used 9434K, committed 9600K, reserved 1114112K
  class space    used 972K, committed 1024K, reserved 1048576K
}
Event: 21252.021 GC heap before
{Heap before GC invocations=10 (full 0):
 garbage-first heap   total reserved 4147200K, committed 260096K, used 162230K [0x0000000702e00000, 0x0000000800000000)
  region size 2048K, 76 young (155648K), 2 survivors (4096K)
 Metaspace       used 9434K, committed 9600K, reserved 1114112K
  class space    used 972K, committed 1024K, reserved 1048576K
}
Event: 21252.032 GC heap after
{Heap after GC invocations=11 (full 0):
 garbage-first heap   total reserved 4147200K, committed 260096K, used 10596K [0x0000000702e00000, 0x0000000800000000)
  region size 2048K, 2 young (4096K), 2 survivors (4096K)
 Metaspace       used 9434K, committed 9600K, reserved 1114112K
  class space    used 972K, committed 1024K, reserved 1048576K
}

